  AI.c
C:\Users\Lemoosy\OneDrive\Bureau\Basecode_AI\Basecode_AI\Connect4\AI.c(156,45): warning C4020: 'AI_Minimax_GetMove' : paramètres réels trop nombreux
  Connect4.c
C:\Users\Lemoosy\OneDrive\Bureau\Basecode_AI\Basecode_AI\Connect4\Connect4.c(99,11): warning C4013: 'AI_Minimax_GetMove' non défini(e) ; extern retournant int pris par défaut
C:\Users\Lemoosy\OneDrive\Bureau\Basecode_AI\Basecode_AI\Connect4\Connect4.c(100,4): warning C4013: 'Sleep' non défini(e) ; extern retournant int pris par défaut
C:\Users\Lemoosy\OneDrive\Bureau\Basecode_AI\Basecode_AI\Connect4\Connect4.c(148,15): warning C4013: 'AI_Random_GetMove' non défini(e) ; extern retournant int pris par défaut
C:\Users\Lemoosy\OneDrive\Bureau\Basecode_AI\Basecode_AI\Connect4\Connect4.c(162,12): warning C4013: 'AI_NN_GetMove' non défini(e) ; extern retournant int pris par défaut
  main.c
C:\Users\Lemoosy\OneDrive\Bureau\Basecode_AI\Basecode_AI\main.c(249,1): warning C4026: fonction déclarée avec une liste de paramètres formels
C:\Users\Lemoosy\OneDrive\Bureau\Basecode_AI\Basecode_AI\main.c(250,8): warning C4244: 'fonction' : conversion de 'time_t' en 'unsigned int', perte possible de données
  Batch.c
  Layer.c
  Network.c
  Function.c
  TreeAI.c
  Input.c
  Window.c
  Settings.c
C:\Users\Lemoosy\OneDrive\Bureau\Basecode_AI\Basecode_AI\Settings.c(5,8): warning C4244: 'fonction' : conversion de 'time_t' en 'unsigned int', perte possible de données
  Snake.c
  DList.c
  FunctionID.c
  Mat.c
  BinHeap.c
  Tree.c
C:\Users\Lemoosy\OneDrive\Bureau\Basecode_AI\Basecode_AI\Utils\Tree\Tree.c(175,24): warning C4098: 'Tree_GetNodeByValueRec' : fonction 'void' retournant une valeur
  Bool.c
  Float.c
C:\Users\Lemoosy\OneDrive\Bureau\Basecode_AI\Basecode_AI\Utils\Type\Float.c(129,14): warning C4244: 'initialisation' : conversion de 'int' en 'float', perte possible de données
  Int.c
  Génération de code en cours...
  Compilation en cours...
  Void.c
  Génération de code en cours...
  Basecode_AI.vcxproj -> C:\Users\Lemoosy\OneDrive\Bureau\Basecode_AI\x64\Debug\Basecode_AI.exe
