c:\users\lemoosy\onedrive\bureau\basecode_nn\basecode_nn\x64\release\vc143.pdb
c:\users\lemoosy\onedrive\bureau\basecode_nn\basecode_nn\x64\release\int.obj
c:\users\lemoosy\onedrive\bureau\basecode_nn\basecode_nn\x64\release\float.obj
c:\users\lemoosy\onedrive\bureau\basecode_nn\basecode_nn\x64\release\bool.obj
c:\users\lemoosy\onedrive\bureau\basecode_nn\basecode_nn\x64\release\tree.obj
c:\users\lemoosy\onedrive\bureau\basecode_nn\basecode_nn\x64\release\binheap.obj
c:\users\lemoosy\onedrive\bureau\basecode_nn\basecode_nn\x64\release\mat.obj
c:\users\lemoosy\onedrive\bureau\basecode_nn\basecode_nn\x64\release\function.obj
c:\users\lemoosy\onedrive\bureau\basecode_nn\basecode_nn\x64\release\dlist.obj
c:\users\lemoosy\onedrive\bureau\basecode_nn\basecode_nn\x64\release\snake.obj
c:\users\lemoosy\onedrive\bureau\basecode_nn\basecode_nn\x64\release\settings.obj
c:\users\lemoosy\onedrive\bureau\basecode_nn\basecode_nn\x64\release\window.obj
c:\users\lemoosy\onedrive\bureau\basecode_nn\basecode_nn\x64\release\input.obj
c:\users\lemoosy\onedrive\bureau\basecode_nn\basecode_nn\x64\release\treeai.obj
c:\users\lemoosy\onedrive\bureau\basecode_nn\basecode_nn\x64\release\network.obj
c:\users\lemoosy\onedrive\bureau\basecode_nn\basecode_nn\x64\release\layer.obj
c:\users\lemoosy\onedrive\bureau\basecode_nn\basecode_nn\x64\release\batch.obj
c:\users\lemoosy\onedrive\bureau\basecode_nn\basecode_nn\x64\release\main.obj
c:\users\lemoosy\onedrive\bureau\basecode_nn\basecode_nn\x64\release\game.obj
c:\users\lemoosy\onedrive\bureau\basecode_nn\basecode_nn\x64\release\ai.obj
c:\users\lemoosy\onedrive\bureau\basecode_nn\basecode_nn\x64\release\void.obj
c:\users\lemoosy\onedrive\bureau\basecode_nn\basecode_nn\x64\release\basecode_nn.tlog\cl.command.1.tlog
c:\users\lemoosy\onedrive\bureau\basecode_nn\basecode_nn\x64\release\basecode_nn.tlog\cl.read.1.tlog
c:\users\lemoosy\onedrive\bureau\basecode_nn\basecode_nn\x64\release\basecode_nn.tlog\cl.write.1.tlog
c:\users\lemoosy\onedrive\bureau\basecode_nn\basecode_nn\x64\release\basecode_nn.tlog\link.command.1.tlog
c:\users\lemoosy\onedrive\bureau\basecode_nn\basecode_nn\x64\release\basecode_nn.tlog\link.read.1.tlog
c:\users\lemoosy\onedrive\bureau\basecode_nn\basecode_nn\x64\release\basecode_nn.tlog\link.write.1.tlog
