C:\Program Files\Microsoft Visual Studio\2022\Community\MSBuild\Microsoft\VC\v170\Microsoft.CppBuild.targets(1098,5): warning MSB8027: Deux ou plusieurs fichiers avec le nom Function.c généreront des sorties vers le même emplacement. Cela peut entraîner une génération incorrecte. Les fichiers impliqués sont PG\Function.c, Utils\Function.c.
  Snake.c
C:\Users\Lemoosy\OneDrive\Bureau\Basecode_NN\Basecode_NN\Snake\Snake.c(396,25): warning C4020: 'TreeAI_Execute' : paramètres réels trop nombreux
  main.c
C:\Users\Lemoosy\OneDrive\Bureau\Basecode_NN\Basecode_NN\main.c(14,1): warning C4026: fonction déclarée avec une liste de paramètres formels
C:\Users\Lemoosy\OneDrive\Bureau\Basecode_NN\Basecode_NN\main.c(23,96): warning C4047: 'fonction' : les niveaux d'indirection de 'float *' et de 'void *(__cdecl *)(void *)' sont différents
C:\Users\Lemoosy\OneDrive\Bureau\Basecode_NN\Basecode_NN\main.c(23,74): warning C4024: 'Function_Create' : types différents pour le paramètre formel et réel 3
C:\Users\Lemoosy\OneDrive\Bureau\Basecode_NN\Basecode_NN\main.c(24,96): warning C4047: 'fonction' : les niveaux d'indirection de 'float *' et de 'void *(__cdecl *)(void *)' sont différents
C:\Users\Lemoosy\OneDrive\Bureau\Basecode_NN\Basecode_NN\main.c(24,74): warning C4024: 'Function_Create' : types différents pour le paramètre formel et réel 3
C:\Users\Lemoosy\OneDrive\Bureau\Basecode_NN\Basecode_NN\main.c(25,96): warning C4047: 'fonction' : les niveaux d'indirection de 'float *' et de 'void *(__cdecl *)(void *)' sont différents
C:\Users\Lemoosy\OneDrive\Bureau\Basecode_NN\Basecode_NN\main.c(25,74): warning C4024: 'Function_Create' : types différents pour le paramètre formel et réel 3
C:\Users\Lemoosy\OneDrive\Bureau\Basecode_NN\Basecode_NN\main.c(26,96): warning C4047: 'fonction' : les niveaux d'indirection de 'float *' et de 'void *(__cdecl *)(void *)' sont différents
C:\Users\Lemoosy\OneDrive\Bureau\Basecode_NN\Basecode_NN\main.c(26,74): warning C4024: 'Function_Create' : types différents pour le paramètre formel et réel 3
C:\Users\Lemoosy\OneDrive\Bureau\Basecode_NN\Basecode_NN\main.c(28,88): warning C4047: 'fonction' : les niveaux d'indirection de 'float *' et de 'void *(__cdecl *)(void *)' sont différents
C:\Users\Lemoosy\OneDrive\Bureau\Basecode_NN\Basecode_NN\main.c(28,70): warning C4024: 'Function_Create' : types différents pour le paramètre formel et réel 3
C:\Users\Lemoosy\OneDrive\Bureau\Basecode_NN\Basecode_NN\main.c(29,88): warning C4047: 'fonction' : les niveaux d'indirection de 'float *' et de 'void *(__cdecl *)(void *)' sont différents
C:\Users\Lemoosy\OneDrive\Bureau\Basecode_NN\Basecode_NN\main.c(29,70): warning C4024: 'Function_Create' : types différents pour le paramètre formel et réel 3
C:\Users\Lemoosy\OneDrive\Bureau\Basecode_NN\Basecode_NN\main.c(30,88): warning C4047: 'fonction' : les niveaux d'indirection de 'float *' et de 'void *(__cdecl *)(void *)' sont différents
C:\Users\Lemoosy\OneDrive\Bureau\Basecode_NN\Basecode_NN\main.c(30,70): warning C4024: 'Function_Create' : types différents pour le paramètre formel et réel 3
C:\Users\Lemoosy\OneDrive\Bureau\Basecode_NN\Basecode_NN\main.c(31,88): warning C4047: 'fonction' : les niveaux d'indirection de 'float *' et de 'void *(__cdecl *)(void *)' sont différents
C:\Users\Lemoosy\OneDrive\Bureau\Basecode_NN\Basecode_NN\main.c(31,70): warning C4024: 'Function_Create' : types différents pour le paramètre formel et réel 3
C:\Users\Lemoosy\OneDrive\Bureau\Basecode_NN\Basecode_NN\main.c(33,88): warning C4047: 'fonction' : les niveaux d'indirection de 'float *' et de 'void *(__cdecl *)(void *)' sont différents
C:\Users\Lemoosy\OneDrive\Bureau\Basecode_NN\Basecode_NN\main.c(33,70): warning C4024: 'Function_Create' : types différents pour le paramètre formel et réel 3
C:\Users\Lemoosy\OneDrive\Bureau\Basecode_NN\Basecode_NN\main.c(34,88): warning C4047: 'fonction' : les niveaux d'indirection de 'float *' et de 'void *(__cdecl *)(void *)' sont différents
C:\Users\Lemoosy\OneDrive\Bureau\Basecode_NN\Basecode_NN\main.c(34,70): warning C4024: 'Function_Create' : types différents pour le paramètre formel et réel 3
C:\Users\Lemoosy\OneDrive\Bureau\Basecode_NN\Basecode_NN\main.c(35,88): warning C4047: 'fonction' : les niveaux d'indirection de 'float *' et de 'void *(__cdecl *)(void *)' sont différents
C:\Users\Lemoosy\OneDrive\Bureau\Basecode_NN\Basecode_NN\main.c(35,70): warning C4024: 'Function_Create' : types différents pour le paramètre formel et réel 3
C:\Users\Lemoosy\OneDrive\Bureau\Basecode_NN\Basecode_NN\main.c(36,88): warning C4047: 'fonction' : les niveaux d'indirection de 'float *' et de 'void *(__cdecl *)(void *)' sont différents
C:\Users\Lemoosy\OneDrive\Bureau\Basecode_NN\Basecode_NN\main.c(36,70): warning C4024: 'Function_Create' : types différents pour le paramètre formel et réel 3
C:\Users\Lemoosy\OneDrive\Bureau\Basecode_NN\Basecode_NN\main.c(38,102): warning C4047: 'fonction' : les niveaux d'indirection de 'float *' et de 'void *(__cdecl *)(void *)' sont différents
C:\Users\Lemoosy\OneDrive\Bureau\Basecode_NN\Basecode_NN\main.c(38,77): warning C4024: 'Function_Create' : types différents pour le paramètre formel et réel 3
C:\Users\Lemoosy\OneDrive\Bureau\Basecode_NN\Basecode_NN\main.c(39,102): warning C4047: 'fonction' : les niveaux d'indirection de 'float *' et de 'void *(__cdecl *)(void *)' sont différents
C:\Users\Lemoosy\OneDrive\Bureau\Basecode_NN\Basecode_NN\main.c(39,77): warning C4024: 'Function_Create' : types différents pour le paramètre formel et réel 3
C:\Users\Lemoosy\OneDrive\Bureau\Basecode_NN\Basecode_NN\main.c(40,102): warning C4047: 'fonction' : les niveaux d'indirection de 'float *' et de 'void *(__cdecl *)(void *)' sont différents
C:\Users\Lemoosy\OneDrive\Bureau\Basecode_NN\Basecode_NN\main.c(40,77): warning C4024: 'Function_Create' : types différents pour le paramètre formel et réel 3
C:\Users\Lemoosy\OneDrive\Bureau\Basecode_NN\Basecode_NN\main.c(41,102): warning C4047: 'fonction' : les niveaux d'indirection de 'float *' et de 'void *(__cdecl *)(void *)' sont différents
C:\Users\Lemoosy\OneDrive\Bureau\Basecode_NN\Basecode_NN\main.c(41,77): warning C4024: 'Function_Create' : types différents pour le paramètre formel et réel 3
C:\Users\Lemoosy\OneDrive\Bureau\Basecode_NN\Basecode_NN\main.c(43,88): warning C4047: 'fonction' : les niveaux d'indirection de 'float *' et de 'void *(__cdecl *)(void *)' sont différents
C:\Users\Lemoosy\OneDrive\Bureau\Basecode_NN\Basecode_NN\main.c(43,70): warning C4024: 'Function_Create' : types différents pour le paramètre formel et réel 3
C:\Users\Lemoosy\OneDrive\Bureau\Basecode_NN\Basecode_NN\main.c(44,88): warning C4047: 'fonction' : les niveaux d'indirection de 'float *' et de 'void *(__cdecl *)(void *)' sont différents
C:\Users\Lemoosy\OneDrive\Bureau\Basecode_NN\Basecode_NN\main.c(44,70): warning C4024: 'Function_Create' : types différents pour le paramètre formel et réel 3
C:\Users\Lemoosy\OneDrive\Bureau\Basecode_NN\Basecode_NN\main.c(45,90): warning C4047: 'fonction' : les niveaux d'indirection de 'float *' et de 'void *(__cdecl *)(void *)' sont différents
C:\Users\Lemoosy\OneDrive\Bureau\Basecode_NN\Basecode_NN\main.c(45,71): warning C4024: 'Function_Create' : types différents pour le paramètre formel et réel 3
C:\Users\Lemoosy\OneDrive\Bureau\Basecode_NN\Basecode_NN\main.c(47,67): warning C4047: 'fonction' : les niveaux d'indirection de 'float *' et de 'void *(__cdecl *)(TreeNode *)' sont différents
C:\Users\Lemoosy\OneDrive\Bureau\Basecode_NN\Basecode_NN\main.c(47,59): warning C4024: 'Function_Create' : types différents pour le paramètre formel et réel 3
C:\Users\Lemoosy\OneDrive\Bureau\Basecode_NN\Basecode_NN\main.c(48,62): warning C4047: 'fonction' : les niveaux d'indirection de 'float *' et de 'void *(__cdecl *)(TreeNode *)' sont différents
C:\Users\Lemoosy\OneDrive\Bureau\Basecode_NN\Basecode_NN\main.c(48,56): warning C4024: 'Function_Create' : types différents pour le paramètre formel et réel 3
C:\Users\Lemoosy\OneDrive\Bureau\Basecode_NN\Basecode_NN\main.c(49,62): warning C4047: 'fonction' : les niveaux d'indirection de 'float *' et de 'void *(__cdecl *)(TreeNode *)' sont différents
C:\Users\Lemoosy\OneDrive\Bureau\Basecode_NN\Basecode_NN\main.c(49,56): warning C4024: 'Function_Create' : types différents pour le paramètre formel et réel 3
C:\Users\Lemoosy\OneDrive\Bureau\Basecode_NN\Basecode_NN\main.c(50,60): warning C4047: 'fonction' : les niveaux d'indirection de 'float *' et de 'void *(__cdecl *)(TreeNode *)' sont différents
C:\Users\Lemoosy\OneDrive\Bureau\Basecode_NN\Basecode_NN\main.c(50,55): warning C4024: 'Function_Create' : types différents pour le paramètre formel et réel 3
C:\Users\Lemoosy\OneDrive\Bureau\Basecode_NN\Basecode_NN\main.c(51,60): warning C4047: 'fonction' : les niveaux d'indirection de 'float *' et de 'void *(__cdecl *)(TreeNode *)' sont différents
C:\Users\Lemoosy\OneDrive\Bureau\Basecode_NN\Basecode_NN\main.c(51,55): warning C4024: 'Function_Create' : types différents pour le paramètre formel et réel 3
C:\Users\Lemoosy\OneDrive\Bureau\Basecode_NN\Basecode_NN\main.c(124,15): warning C4244: '=' : conversion de 'float' en 'int', perte possible de données
C:\Users\Lemoosy\OneDrive\Bureau\Basecode_NN\Basecode_NN\main.c(198,15): warning C4244: '=' : conversion de 'float' en 'int', perte possible de données
x64\Release\Function.obj : warning LNK4042: objet spécifié plus d'une fois ; définitions supplémentaires ignorées
  Génération de code en cours
  0 of 106 functions ( 0.0%) were compiled, the rest were copied from previous compilation.
    0 functions were new in current compilation
    0 functions had inline decision re-evaluated but remain unchanged
  Fin de la génération du code
  Basecode_NN.vcxproj -> C:\Users\Lemoosy\OneDrive\Bureau\Basecode_NN\x64\Release\Basecode_NN.exe
