C:\Program Files\Microsoft Visual Studio\2022\Community\MSBuild\Microsoft\VC\v170\Microsoft.CppBuild.targets(1098,5): warning MSB8027: Deux ou plusieurs fichiers avec le nom Function.c généreront des sorties vers le même emplacement. Cela peut entraîner une génération incorrecte. Les fichiers impliqués sont PG\Function.c, Utils\Function.c.
  TreeAI.c
C:\Users\Lemoosy\OneDrive\Bureau\Basecode_NN\Basecode_NN\PG\TreeAI.c(303,26): warning C4244: '=' : conversion de 'int' en 'float', perte possible de données
C:\Users\Lemoosy\OneDrive\Bureau\Basecode_NN\Basecode_NN\PG\TreeAI.c(336,1): warning C4133: 'initialisation' : types incompatibles - de 'TreeNode *' à 'DList *'
  main.c
C:\Users\Lemoosy\OneDrive\Bureau\Basecode_NN\Basecode_NN\main.c(13,8): warning C4244: 'fonction' : conversion de 'time_t' en 'unsigned int', perte possible de données
C:\Users\Lemoosy\OneDrive\Bureau\Basecode_NN\Basecode_NN\main.c(41,79): warning C4047: 'fonction' : les niveaux d'indirection de 'float *' et de 'void *(__cdecl *)(void *)' sont différents
C:\Users\Lemoosy\OneDrive\Bureau\Basecode_NN\Basecode_NN\main.c(41,65): warning C4024: 'Function_New' : types différents pour le paramètre formel et réel 3
C:\Users\Lemoosy\OneDrive\Bureau\Basecode_NN\Basecode_NN\main.c(42,64): warning C4047: 'fonction' : les niveaux d'indirection de 'float *' et de 'void *(__cdecl *)(TreeNode *)' sont différents
C:\Users\Lemoosy\OneDrive\Bureau\Basecode_NN\Basecode_NN\main.c(42,59): warning C4024: 'Function_New' : types différents pour le paramètre formel et réel 3
C:\Users\Lemoosy\OneDrive\Bureau\Basecode_NN\Basecode_NN\main.c(45,64): warning C4047: 'fonction' : les niveaux d'indirection de 'float *' et de 'void *(__cdecl *)(TreeNode *)' sont différents
C:\Users\Lemoosy\OneDrive\Bureau\Basecode_NN\Basecode_NN\main.c(45,59): warning C4024: 'Function_New' : types différents pour le paramètre formel et réel 3
C:\Users\Lemoosy\OneDrive\Bureau\Basecode_NN\Basecode_NN\main.c(46,62): warning C4047: 'fonction' : les niveaux d'indirection de 'float *' et de 'void *(__cdecl *)(TreeNode *)' sont différents
C:\Users\Lemoosy\OneDrive\Bureau\Basecode_NN\Basecode_NN\main.c(46,58): warning C4024: 'Function_New' : types différents pour le paramètre formel et réel 3
C:\Users\Lemoosy\OneDrive\Bureau\Basecode_NN\Basecode_NN\main.c(47,62): warning C4047: 'fonction' : les niveaux d'indirection de 'float *' et de 'void *(__cdecl *)(TreeNode *)' sont différents
C:\Users\Lemoosy\OneDrive\Bureau\Basecode_NN\Basecode_NN\main.c(47,58): warning C4024: 'Function_New' : types différents pour le paramètre formel et réel 3
C:\Users\Lemoosy\OneDrive\Bureau\Basecode_NN\Basecode_NN\main.c(49,87): warning C4047: 'fonction' : les niveaux d'indirection de 'float *' et de 'void *(__cdecl *)(TreeNode *)' sont différents
C:\Users\Lemoosy\OneDrive\Bureau\Basecode_NN\Basecode_NN\main.c(49,66): warning C4024: 'Function_New' : types différents pour le paramètre formel et réel 3
C:\Users\Lemoosy\OneDrive\Bureau\Basecode_NN\Basecode_NN\main.c(50,89): warning C4047: 'fonction' : les niveaux d'indirection de 'float *' et de 'void *(__cdecl *)(TreeNode *)' sont différents
C:\Users\Lemoosy\OneDrive\Bureau\Basecode_NN\Basecode_NN\main.c(50,67): warning C4024: 'Function_New' : types différents pour le paramètre formel et réel 3
C:\Users\Lemoosy\OneDrive\Bureau\Basecode_NN\Basecode_NN\main.c(51,83): warning C4047: 'fonction' : les niveaux d'indirection de 'float *' et de 'void *(__cdecl *)(TreeNode *)' sont différents
C:\Users\Lemoosy\OneDrive\Bureau\Basecode_NN\Basecode_NN\main.c(51,64): warning C4024: 'Function_New' : types différents pour le paramètre formel et réel 3
C:\Users\Lemoosy\OneDrive\Bureau\Basecode_NN\Basecode_NN\main.c(52,87): warning C4047: 'fonction' : les niveaux d'indirection de 'float *' et de 'void *(__cdecl *)(TreeNode *)' sont différents
C:\Users\Lemoosy\OneDrive\Bureau\Basecode_NN\Basecode_NN\main.c(52,66): warning C4024: 'Function_New' : types différents pour le paramètre formel et réel 3
C:\Users\Lemoosy\OneDrive\Bureau\Basecode_NN\Basecode_NN\main.c(53,69): warning C4047: 'fonction' : les niveaux d'indirection de 'float *' et de 'void *(__cdecl *)(TreeNode *)' sont différents
C:\Users\Lemoosy\OneDrive\Bureau\Basecode_NN\Basecode_NN\main.c(53,60): warning C4024: 'Function_New' : types différents pour le paramètre formel et réel 3
C:\Users\Lemoosy\OneDrive\Bureau\Basecode_NN\Basecode_NN\main.c(54,69): warning C4047: 'fonction' : les niveaux d'indirection de 'float *' et de 'void *(__cdecl *)(TreeNode *)' sont différents
C:\Users\Lemoosy\OneDrive\Bureau\Basecode_NN\Basecode_NN\main.c(54,62): warning C4024: 'Function_New' : types différents pour le paramètre formel et réel 3
C:\Users\Lemoosy\OneDrive\Bureau\Basecode_NN\Basecode_NN\main.c(55,69): warning C4047: 'fonction' : les niveaux d'indirection de 'float *' et de 'void *(__cdecl *)(TreeNode *)' sont différents
C:\Users\Lemoosy\OneDrive\Bureau\Basecode_NN\Basecode_NN\main.c(55,62): warning C4024: 'Function_New' : types différents pour le paramètre formel et réel 3
C:\Users\Lemoosy\OneDrive\Bureau\Basecode_NN\Basecode_NN\main.c(56,62): warning C4047: 'fonction' : les niveaux d'indirection de 'float *' et de 'void *(__cdecl *)(TreeNode *)' sont différents
C:\Users\Lemoosy\OneDrive\Bureau\Basecode_NN\Basecode_NN\main.c(56,58): warning C4024: 'Function_New' : types différents pour le paramètre formel et réel 3
  Génération de code en cours...
  Basecode_NN.vcxproj -> C:\Users\Lemoosy\OneDrive\Bureau\Basecode_NN\x64\Debug\Basecode_NN.exe
